<?xml version='1.0' encoding='UTF-8'?>
<!DOCTYPE coverage SYSTEM 'http://cobertura.sourceforge.net/xml/coverage-04.dtd'>
<coverage line-rate="0.9444444444444444" branch-rate="0.625" lines-covered="17" lines-valid="18" branches-covered="5" branches-valid="8" complexity="0.0" timestamp="1745550438" version="gcovr 7.0"><sources><source>.</source></sources><packages><package name="src" line-rate="0.9444444444444444" branch-rate="0.625" complexity="0.0"><classes><class name="leds_c" filename="src/leds.c" line-rate="0.9444444444444444" branch-rate="0.625" complexity="0.0"><methods/><lines><line number="94" hits="16" branch="false"/><line number="95" hits="16" branch="false"/><line number="98" hits="2" branch="false"/><line number="99" hits="2" branch="true" condition-coverage="50% (2/4)"><conditions><condition number="0" type="jump" coverage="50%"/></conditions></line><line number="104" hits="12" branch="false"/><line number="105" hits="12" branch="false"/><line number="106" hits="12" branch="false"/><line number="107" hits="12" branch="false"/><line number="109" hits="10" branch="false"/><line number="111" hits="4" branch="false"/><line number="113" hits="2" branch="false"/><line number="115" hits="13" branch="false"/><line number="117" hits="2" branch="false"/><line number="118" hits="2" branch="true" condition-coverage="50% (1/2)"><conditions><condition number="0" type="jump" coverage="50%"/></conditions></line><line number="119" hits="0" branch="false"/><line number="121" hits="2" branch="true" condition-coverage="100% (2/2)"><conditions><condition number="0" type="jump" coverage="100%"/></conditions></line><line number="122" hits="1" branch="false"/><line number="124" hits="1" branch="false"/></lines></class></classes></package></packages></coverage>
